<?xml version="1.0" encoding="UTF-8"?>
<testsuite name="EllipseTest" tests="10" skipped="0" failures="0" errors="0" timestamp="2022-05-15T03:25:46" hostname="DESKTOP-72N4KV9" time="0.024">
  <properties/>
  <testcase name="testAreaZero()" classname="EllipseTest" time="0.005"/>
  <testcase name="testGetArea()" classname="EllipseTest" time="0.001"/>
  <testcase name="testAreaRadiusNegative2()" classname="EllipseTest" time="0.002"/>
  <testcase name="testGetAreaNegativePoint()" classname="EllipseTest" time="0.001"/>
  <testcase name="testAreaZero2()" classname="EllipseTest" time="0.002"/>
  <testcase name="testMoveZero()" classname="EllipseTest" time="0.002"/>
  <testcase name="testAreaRadiusNegative()" classname="EllipseTest" time="0.002"/>
  <testcase name="testMovePositive()" classname="EllipseTest" time="0.001"/>
  <testcase name="testMoveNegative()" classname="EllipseTest" time="0.001"/>
  <testcase name="testGetAttributes()" classname="EllipseTest" time="0.001"/>
  <system-out><![CDATA[]]></system-out>
  <system-err><![CDATA[]]></system-err>
</testsuite>
