<?xml version="1.0" encoding="UTF-8"?>
<testsuite name="TriangleTest" tests="5" skipped="0" failures="0" errors="0" timestamp="2022-05-15T03:25:46" hostname="DESKTOP-72N4KV9" time="0.01">
  <properties/>
  <testcase name="areaZero()" classname="TriangleTest" time="0.003"/>
  <testcase name="testMove()" classname="TriangleTest" time="0.001"/>
  <testcase name="getAttributes()" classname="TriangleTest" time="0.0"/>
  <testcase name="getAreaPositive()" classname="TriangleTest" time="0.002"/>
  <testcase name="getAreaNegative()" classname="TriangleTest" time="0.001"/>
  <system-out><![CDATA[]]></system-out>
  <system-err><![CDATA[]]></system-err>
</testsuite>
