<?xml version="1.0" encoding="UTF-8"?>
<testsuite name="SquareTest" tests="3" skipped="0" failures="0" errors="0" timestamp="2022-05-15T03:25:46" hostname="DESKTOP-72N4KV9" time="0.008">
  <properties/>
  <testcase name="testWidthNegative()" classname="SquareTest" time="0.004"/>
  <testcase name="testWidthZero()" classname="SquareTest" time="0.002"/>
  <testcase name="testGetAttributes()" classname="SquareTest" time="0.001"/>
  <system-out><![CDATA[]]></system-out>
  <system-err><![CDATA[]]></system-err>
</testsuite>
