<?xml version="1.0" encoding="UTF-8"?>
<testsuite name="CircleTest" tests="1" skipped="0" failures="0" errors="0" timestamp="2022-05-15T03:25:46" hostname="DESKTOP-72N4KV9" time="0.041">
  <properties/>
  <testcase name="testGetAttributes()" classname="CircleTest" time="0.041"/>
  <system-out><![CDATA[]]></system-out>
  <system-err><![CDATA[]]></system-err>
</testsuite>
