<?xml version="1.0" encoding="UTF-8"?>
<testsuite name="LineTest" tests="13" skipped="0" failures="0" errors="0" timestamp="2022-05-15T03:25:46" hostname="DESKTOP-72N4KV9" time="0.048">
  <properties/>
  <testcase name="getSlopeNegativeOppositePoints()" classname="LineTest" time="0.024"/>
  <testcase name="getLineAttributes()" classname="LineTest" time="0.002"/>
  <testcase name="lineLengthZero()" classname="LineTest" time="0.003"/>
  <testcase name="moveZero()" classname="LineTest" time="0.001"/>
  <testcase name="getArea()" classname="LineTest" time="0.001"/>
  <testcase name="getLengthVertical()" classname="LineTest" time="0.001"/>
  <testcase name="getLengthHorizontal()" classname="LineTest" time="0.0"/>
  <testcase name="movePositive()" classname="LineTest" time="0.001"/>
  <testcase name="moveNegative()" classname="LineTest" time="0.001"/>
  <testcase name="getSlopePositive()" classname="LineTest" time="0.001"/>
  <testcase name="getSlopeNegative()" classname="LineTest" time="0.001"/>
  <testcase name="getSlopePositiveOppositePoints()" classname="LineTest" time="0.0"/>
  <testcase name="getLengthDiagonal()" classname="LineTest" time="0.001"/>
  <system-out><![CDATA[]]></system-out>
  <system-err><![CDATA[]]></system-err>
</testsuite>
