<?xml version="1.0" encoding="UTF-8"?>
<testsuite name="RectangleTest" tests="7" skipped="0" failures="0" errors="0" timestamp="2022-05-15T03:25:46" hostname="DESKTOP-72N4KV9" time="0.017">
  <properties/>
  <testcase name="testMove()" classname="RectangleTest" time="0.003"/>
  <testcase name="testAreaZero()" classname="RectangleTest" time="0.003"/>
  <testcase name="testAreaZero2()" classname="RectangleTest" time="0.001"/>
  <testcase name="testAreaZero3()" classname="RectangleTest" time="0.002"/>
  <testcase name="testGetAreaPositive()" classname="RectangleTest" time="0.001"/>
  <testcase name="testGetAreaNegative()" classname="RectangleTest" time="0.001"/>
  <testcase name="testGetAttributes()" classname="RectangleTest" time="0.001"/>
  <system-out><![CDATA[]]></system-out>
  <system-err><![CDATA[]]></system-err>
</testsuite>
